<?xml version="1.0" encoding="UTF-8"?>
<testsuite xmlns:xsi="http://www.w3.org/2001/XMLSchema-instance" xsi:noNamespaceSchemaLocation="https://maven.apache.org/surefire/maven-surefire-plugin/xsd/surefire-test-report.xsd" name="com.esrx.services.benefit.group.onboarding.BenefitGroupOnboardingApplicationTests" time="11.503" tests="1" errors="0" skipped="0" failures="0">
  <properties>
    <property name="sun.desktop" value="windows"/>
    <property name="awt.toolkit" value="sun.awt.windows.WToolkit"/>
    <property name="file.encoding.pkg" value="sun.io"/>
    <property name="java.specification.version" value="1.8"/>
    <property name="sun.cpu.isalist" value="pentium_pro+mmx pentium_pro pentium+mmx pentium i486 i386 i86"/>
    <property name="sun.jnu.encoding" value="Cp1252"/>
    <property name="java.class.path" value="C:\Users\ek1248\GitRepo\benefit-group-onboarding\target\test-classes;C:\Users\ek1248\GitRepo\benefit-group-onboarding\target\classes;c:\esi\local\mvn_repo\org\springframework\boot\spring-boot-starter-data-jpa\2.1.5.RELEASE\spring-boot-starter-data-jpa-2.1.5.RELEASE.jar;c:\esi\local\mvn_repo\org\springframework\boot\spring-boot-starter-aop\2.1.5.RELEASE\spring-boot-starter-aop-2.1.5.RELEASE.jar;c:\esi\local\mvn_repo\org\springframework\spring-aop\5.1.7.RELEASE\spring-aop-5.1.7.RELEASE.jar;c:\esi\local\mvn_repo\org\aspectj\aspectjweaver\1.9.4\aspectjweaver-1.9.4.jar;c:\esi\local\mvn_repo\org\springframework\boot\spring-boot-starter-jdbc\2.1.5.RELEASE\spring-boot-starter-jdbc-2.1.5.RELEASE.jar;c:\esi\local\mvn_repo\com\zaxxer\HikariCP\3.2.0\HikariCP-3.2.0.jar;c:\esi\local\mvn_repo\org\springframework\spring-jdbc\5.1.7.RELEASE\spring-jdbc-5.1.7.RELEASE.jar;c:\esi\local\mvn_repo\javax\transaction\javax.transaction-api\1.3\javax.transaction-api-1.3.jar;c:\esi\local\mvn_repo\javax\xml\bind\jaxb-api\2.3.1\jaxb-api-2.3.1.jar;c:\esi\local\mvn_repo\javax\activation\javax.activation-api\1.2.0\javax.activation-api-1.2.0.jar;c:\esi\local\mvn_repo\org\hibernate\hibernate-core\5.3.10.Final\hibernate-core-5.3.10.Final.jar;c:\esi\local\mvn_repo\org\jboss\logging\jboss-logging\3.3.2.Final\jboss-logging-3.3.2.Final.jar;c:\esi\local\mvn_repo\javax\persistence\javax.persistence-api\2.2\javax.persistence-api-2.2.jar;c:\esi\local\mvn_repo\org\javassist\javassist\3.23.2-GA\javassist-3.23.2-GA.jar;c:\esi\local\mvn_repo\net\bytebuddy\byte-buddy\1.9.12\byte-buddy-1.9.12.jar;c:\esi\local\mvn_repo\antlr\antlr\2.7.7\antlr-2.7.7.jar;c:\esi\local\mvn_repo\org\jboss\jandex\2.0.5.Final\jandex-2.0.5.Final.jar;c:\esi\local\mvn_repo\org\dom4j\dom4j\2.1.1\dom4j-2.1.1.jar;c:\esi\local\mvn_repo\org\hibernate\common\hibernate-commons-annotations\5.0.4.Final\hibernate-commons-annotations-5.0.4.Final.jar;c:\esi\local\mvn_repo\org\springframework\data\spring-data-jpa\2.1.8.RELEASE\spring-data-jpa-2.1.8.RELEASE.jar;c:\esi\local\mvn_repo\org\springframework\data\spring-data-commons\2.1.8.RELEASE\spring-data-commons-2.1.8.RELEASE.jar;c:\esi\local\mvn_repo\org\springframework\spring-orm\5.1.7.RELEASE\spring-orm-5.1.7.RELEASE.jar;c:\esi\local\mvn_repo\org\springframework\spring-context\5.1.7.RELEASE\spring-context-5.1.7.RELEASE.jar;c:\esi\local\mvn_repo\org\springframework\spring-tx\5.1.7.RELEASE\spring-tx-5.1.7.RELEASE.jar;c:\esi\local\mvn_repo\org\springframework\spring-beans\5.1.7.RELEASE\spring-beans-5.1.7.RELEASE.jar;c:\esi\local\mvn_repo\org\springframework\spring-aspects\5.1.7.RELEASE\spring-aspects-5.1.7.RELEASE.jar;c:\esi\local\mvn_repo\org\springframework\boot\spring-boot-starter-data-mongodb\2.1.5.RELEASE\spring-boot-starter-data-mongodb-2.1.5.RELEASE.jar;c:\esi\local\mvn_repo\org\springframework\boot\spring-boot-starter\2.1.5.RELEASE\spring-boot-starter-2.1.5.RELEASE.jar;c:\esi\local\mvn_repo\org\springframework\boot\spring-boot\2.1.5.RELEASE\spring-boot-2.1.5.RELEASE.jar;c:\esi\local\mvn_repo\org\springframework\boot\spring-boot-autoconfigure\2.1.5.RELEASE\spring-boot-autoconfigure-2.1.5.RELEASE.jar;c:\esi\local\mvn_repo\org\springframework\boot\spring-boot-starter-logging\2.1.5.RELEASE\spring-boot-starter-logging-2.1.5.RELEASE.jar;c:\esi\local\mvn_repo\ch\qos\logback\logback-classic\1.2.3\logback-classic-1.2.3.jar;c:\esi\local\mvn_repo\ch\qos\logback\logback-core\1.2.3\logback-core-1.2.3.jar;c:\esi\local\mvn_repo\org\apache\logging\log4j\log4j-to-slf4j\2.11.2\log4j-to-slf4j-2.11.2.jar;c:\esi\local\mvn_repo\org\apache\logging\log4j\log4j-api\2.11.2\log4j-api-2.11.2.jar;c:\esi\local\mvn_repo\org\slf4j\jul-to-slf4j\1.7.26\jul-to-slf4j-1.7.26.jar;c:\esi\local\mvn_repo\javax\annotation\javax.annotation-api\1.3.2\javax.annotation-api-1.3.2.jar;c:\esi\local\mvn_repo\org\yaml\snakeyaml\1.23\snakeyaml-1.23.jar;c:\esi\local\mvn_repo\org\mongodb\mongodb-driver\3.8.2\mongodb-driver-3.8.2.jar;c:\esi\local\mvn_repo\org\mongodb\bson\3.8.2\bson-3.8.2.jar;c:\esi\local\mvn_repo\org\mongodb\mongodb-driver-core\3.8.2\mongodb-driver-core-3.8.2.jar;c:\esi\local\mvn_repo\org\springframework\data\spring-data-mongodb\2.1.8.RELEASE\spring-data-mongodb-2.1.8.RELEASE.jar;c:\esi\local\mvn_repo\org\springframework\spring-expression\5.1.7.RELEASE\spring-expression-5.1.7.RELEASE.jar;c:\esi\local\mvn_repo\org\springframework\boot\spring-boot-starter-web\2.1.5.RELEASE\spring-boot-starter-web-2.1.5.RELEASE.jar;c:\esi\local\mvn_repo\org\springframework\boot\spring-boot-starter-json\2.1.5.RELEASE\spring-boot-starter-json-2.1.5.RELEASE.jar;c:\esi\local\mvn_repo\com\fasterxml\jackson\core\jackson-databind\2.9.8\jackson-databind-2.9.8.jar;c:\esi\local\mvn_repo\com\fasterxml\jackson\core\jackson-core\2.9.8\jackson-core-2.9.8.jar;c:\esi\local\mvn_repo\com\fasterxml\jackson\datatype\jackson-datatype-jdk8\2.9.8\jackson-datatype-jdk8-2.9.8.jar;c:\esi\local\mvn_repo\com\fasterxml\jackson\datatype\jackson-datatype-jsr310\2.9.8\jackson-datatype-jsr310-2.9.8.jar;c:\esi\local\mvn_repo\com\fasterxml\jackson\module\jackson-module-parameter-names\2.9.8\jackson-module-parameter-names-2.9.8.jar;c:\esi\local\mvn_repo\org\springframework\boot\spring-boot-starter-tomcat\2.1.5.RELEASE\spring-boot-starter-tomcat-2.1.5.RELEASE.jar;c:\esi\local\mvn_repo\org\apache\tomcat\embed\tomcat-embed-core\9.0.19\tomcat-embed-core-9.0.19.jar;c:\esi\local\mvn_repo\org\apache\tomcat\embed\tomcat-embed-el\9.0.19\tomcat-embed-el-9.0.19.jar;c:\esi\local\mvn_repo\org\apache\tomcat\embed\tomcat-embed-websocket\9.0.19\tomcat-embed-websocket-9.0.19.jar;c:\esi\local\mvn_repo\org\hibernate\validator\hibernate-validator\6.0.16.Final\hibernate-validator-6.0.16.Final.jar;c:\esi\local\mvn_repo\javax\validation\validation-api\2.0.1.Final\validation-api-2.0.1.Final.jar;c:\esi\local\mvn_repo\org\springframework\spring-web\5.1.7.RELEASE\spring-web-5.1.7.RELEASE.jar;c:\esi\local\mvn_repo\org\springframework\spring-webmvc\5.1.7.RELEASE\spring-webmvc-5.1.7.RELEASE.jar;c:\esi\local\mvn_repo\org\springframework\boot\spring-boot-starter-actuator\2.1.5.RELEASE\spring-boot-starter-actuator-2.1.5.RELEASE.jar;c:\esi\local\mvn_repo\org\springframework\boot\spring-boot-actuator-autoconfigure\2.1.5.RELEASE\spring-boot-actuator-autoconfigure-2.1.5.RELEASE.jar;c:\esi\local\mvn_repo\org\springframework\boot\spring-boot-actuator\2.1.5.RELEASE\spring-boot-actuator-2.1.5.RELEASE.jar;c:\esi\local\mvn_repo\io\micrometer\micrometer-core\1.1.4\micrometer-core-1.1.4.jar;c:\esi\local\mvn_repo\org\hdrhistogram\HdrHistogram\2.1.9\HdrHistogram-2.1.9.jar;c:\esi\local\mvn_repo\org\latencyutils\LatencyUtils\2.0.3\LatencyUtils-2.0.3.jar;c:\esi\local\mvn_repo\io\springfox\springfox-swagger2\2.9.2\springfox-swagger2-2.9.2.jar;c:\esi\local\mvn_repo\io\swagger\swagger-annotations\1.5.20\swagger-annotations-1.5.20.jar;c:\esi\local\mvn_repo\io\swagger\swagger-models\1.5.20\swagger-models-1.5.20.jar;c:\esi\local\mvn_repo\com\fasterxml\jackson\core\jackson-annotations\2.9.0\jackson-annotations-2.9.0.jar;c:\esi\local\mvn_repo\io\springfox\springfox-spi\2.9.2\springfox-spi-2.9.2.jar;c:\esi\local\mvn_repo\io\springfox\springfox-core\2.9.2\springfox-core-2.9.2.jar;c:\esi\local\mvn_repo\io\springfox\springfox-schema\2.9.2\springfox-schema-2.9.2.jar;c:\esi\local\mvn_repo\io\springfox\springfox-swagger-common\2.9.2\springfox-swagger-common-2.9.2.jar;c:\esi\local\mvn_repo\io\springfox\springfox-spring-web\2.9.2\springfox-spring-web-2.9.2.jar;c:\esi\local\mvn_repo\com\google\guava\guava\20.0\guava-20.0.jar;c:\esi\local\mvn_repo\com\fasterxml\classmate\1.4.0\classmate-1.4.0.jar;c:\esi\local\mvn_repo\org\slf4j\slf4j-api\1.7.26\slf4j-api-1.7.26.jar;c:\esi\local\mvn_repo\org\springframework\plugin\spring-plugin-core\1.2.0.RELEASE\spring-plugin-core-1.2.0.RELEASE.jar;c:\esi\local\mvn_repo\org\springframework\plugin\spring-plugin-metadata\1.2.0.RELEASE\spring-plugin-metadata-1.2.0.RELEASE.jar;c:\esi\local\mvn_repo\org\mapstruct\mapstruct\1.2.0.Final\mapstruct-1.2.0.Final.jar;c:\esi\local\mvn_repo\io\springfox\springfox-swagger-ui\2.9.2\springfox-swagger-ui-2.9.2.jar;c:\esi\local\mvn_repo\com\h2database\h2\1.4.199\h2-1.4.199.jar;c:\esi\local\mvn_repo\org\springframework\boot\spring-boot-starter-test\2.1.5.RELEASE\spring-boot-starter-test-2.1.5.RELEASE.jar;c:\esi\local\mvn_repo\org\springframework\boot\spring-boot-test\2.1.5.RELEASE\spring-boot-test-2.1.5.RELEASE.jar;c:\esi\local\mvn_repo\org\springframework\boot\spring-boot-test-autoconfigure\2.1.5.RELEASE\spring-boot-test-autoconfigure-2.1.5.RELEASE.jar;c:\esi\local\mvn_repo\com\jayway\jsonpath\json-path\2.4.0\json-path-2.4.0.jar;c:\esi\local\mvn_repo\net\minidev\json-smart\2.3\json-smart-2.3.jar;c:\esi\local\mvn_repo\net\minidev\accessors-smart\1.2\accessors-smart-1.2.jar;c:\esi\local\mvn_repo\org\ow2\asm\asm\5.0.4\asm-5.0.4.jar;c:\esi\local\mvn_repo\junit\junit\4.12\junit-4.12.jar;c:\esi\local\mvn_repo\org\assertj\assertj-core\3.11.1\assertj-core-3.11.1.jar;c:\esi\local\mvn_repo\org\mockito\mockito-core\2.23.4\mockito-core-2.23.4.jar;c:\esi\local\mvn_repo\net\bytebuddy\byte-buddy-agent\1.9.12\byte-buddy-agent-1.9.12.jar;c:\esi\local\mvn_repo\org\objenesis\objenesis\2.6\objenesis-2.6.jar;c:\esi\local\mvn_repo\org\hamcrest\hamcrest-core\1.3\hamcrest-core-1.3.jar;c:\esi\local\mvn_repo\org\hamcrest\hamcrest-library\1.3\hamcrest-library-1.3.jar;c:\esi\local\mvn_repo\org\skyscreamer\jsonassert\1.5.0\jsonassert-1.5.0.jar;c:\esi\local\mvn_repo\com\vaadin\external\google\android-json\0.0.20131108.vaadin1\android-json-0.0.20131108.vaadin1.jar;c:\esi\local\mvn_repo\org\springframework\spring-core\5.1.7.RELEASE\spring-core-5.1.7.RELEASE.jar;c:\esi\local\mvn_repo\org\springframework\spring-jcl\5.1.7.RELEASE\spring-jcl-5.1.7.RELEASE.jar;c:\esi\local\mvn_repo\org\springframework\spring-test\5.1.7.RELEASE\spring-test-5.1.7.RELEASE.jar;c:\esi\local\mvn_repo\org\xmlunit\xmlunit-core\2.6.2\xmlunit-core-2.6.2.jar;c:\esi\local\mvn_repo\com\google\code\gson\gson\2.8.2\gson-2.8.2.jar;"/>
    <property name="java.vm.vendor" value="Oracle Corporation"/>
    <property name="sun.arch.data.model" value="32"/>
    <property name="user.variant" value=""/>
    <property name="java.vendor.url" value="http://java.oracle.com/"/>
    <property name="user.timezone" value="America/New_York"/>
    <property name="java.vm.specification.version" value="1.8"/>
    <property name="os.name" value="Windows 10"/>
    <property name="user.country" value="US"/>
    <property name="sun.java.launcher" value="SUN_STANDARD"/>
    <property name="sun.boot.library.path" value="C:\Program Files (x86)\Java\jdk1.8.0_131\jre\bin"/>
    <property name="sun.java.command" value="C:\Users\ek1248\AppData\Local\Temp\1\surefire2010622083870747035\surefirebooter8794038088203099658.jar C:\Users\ek1248\AppData\Local\Temp\1\surefire2010622083870747035 2019-07-17T23-06-02_818-jvmRun1 surefire2022842918045595436tmp surefire_02265550136694134185tmp"/>
    <property name="surefire.test.class.path" value="C:\Users\ek1248\GitRepo\benefit-group-onboarding\target\test-classes;C:\Users\ek1248\GitRepo\benefit-group-onboarding\target\classes;c:\esi\local\mvn_repo\org\springframework\boot\spring-boot-starter-data-jpa\2.1.5.RELEASE\spring-boot-starter-data-jpa-2.1.5.RELEASE.jar;c:\esi\local\mvn_repo\org\springframework\boot\spring-boot-starter-aop\2.1.5.RELEASE\spring-boot-starter-aop-2.1.5.RELEASE.jar;c:\esi\local\mvn_repo\org\springframework\spring-aop\5.1.7.RELEASE\spring-aop-5.1.7.RELEASE.jar;c:\esi\local\mvn_repo\org\aspectj\aspectjweaver\1.9.4\aspectjweaver-1.9.4.jar;c:\esi\local\mvn_repo\org\springframework\boot\spring-boot-starter-jdbc\2.1.5.RELEASE\spring-boot-starter-jdbc-2.1.5.RELEASE.jar;c:\esi\local\mvn_repo\com\zaxxer\HikariCP\3.2.0\HikariCP-3.2.0.jar;c:\esi\local\mvn_repo\org\springframework\spring-jdbc\5.1.7.RELEASE\spring-jdbc-5.1.7.RELEASE.jar;c:\esi\local\mvn_repo\javax\transaction\javax.transaction-api\1.3\javax.transaction-api-1.3.jar;c:\esi\local\mvn_repo\javax\xml\bind\jaxb-api\2.3.1\jaxb-api-2.3.1.jar;c:\esi\local\mvn_repo\javax\activation\javax.activation-api\1.2.0\javax.activation-api-1.2.0.jar;c:\esi\local\mvn_repo\org\hibernate\hibernate-core\5.3.10.Final\hibernate-core-5.3.10.Final.jar;c:\esi\local\mvn_repo\org\jboss\logging\jboss-logging\3.3.2.Final\jboss-logging-3.3.2.Final.jar;c:\esi\local\mvn_repo\javax\persistence\javax.persistence-api\2.2\javax.persistence-api-2.2.jar;c:\esi\local\mvn_repo\org\javassist\javassist\3.23.2-GA\javassist-3.23.2-GA.jar;c:\esi\local\mvn_repo\net\bytebuddy\byte-buddy\1.9.12\byte-buddy-1.9.12.jar;c:\esi\local\mvn_repo\antlr\antlr\2.7.7\antlr-2.7.7.jar;c:\esi\local\mvn_repo\org\jboss\jandex\2.0.5.Final\jandex-2.0.5.Final.jar;c:\esi\local\mvn_repo\org\dom4j\dom4j\2.1.1\dom4j-2.1.1.jar;c:\esi\local\mvn_repo\org\hibernate\common\hibernate-commons-annotations\5.0.4.Final\hibernate-commons-annotations-5.0.4.Final.jar;c:\esi\local\mvn_repo\org\springframework\data\spring-data-jpa\2.1.8.RELEASE\spring-data-jpa-2.1.8.RELEASE.jar;c:\esi\local\mvn_repo\org\springframework\data\spring-data-commons\2.1.8.RELEASE\spring-data-commons-2.1.8.RELEASE.jar;c:\esi\local\mvn_repo\org\springframework\spring-orm\5.1.7.RELEASE\spring-orm-5.1.7.RELEASE.jar;c:\esi\local\mvn_repo\org\springframework\spring-context\5.1.7.RELEASE\spring-context-5.1.7.RELEASE.jar;c:\esi\local\mvn_repo\org\springframework\spring-tx\5.1.7.RELEASE\spring-tx-5.1.7.RELEASE.jar;c:\esi\local\mvn_repo\org\springframework\spring-beans\5.1.7.RELEASE\spring-beans-5.1.7.RELEASE.jar;c:\esi\local\mvn_repo\org\springframework\spring-aspects\5.1.7.RELEASE\spring-aspects-5.1.7.RELEASE.jar;c:\esi\local\mvn_repo\org\springframework\boot\spring-boot-starter-data-mongodb\2.1.5.RELEASE\spring-boot-starter-data-mongodb-2.1.5.RELEASE.jar;c:\esi\local\mvn_repo\org\springframework\boot\spring-boot-starter\2.1.5.RELEASE\spring-boot-starter-2.1.5.RELEASE.jar;c:\esi\local\mvn_repo\org\springframework\boot\spring-boot\2.1.5.RELEASE\spring-boot-2.1.5.RELEASE.jar;c:\esi\local\mvn_repo\org\springframework\boot\spring-boot-autoconfigure\2.1.5.RELEASE\spring-boot-autoconfigure-2.1.5.RELEASE.jar;c:\esi\local\mvn_repo\org\springframework\boot\spring-boot-starter-logging\2.1.5.RELEASE\spring-boot-starter-logging-2.1.5.RELEASE.jar;c:\esi\local\mvn_repo\ch\qos\logback\logback-classic\1.2.3\logback-classic-1.2.3.jar;c:\esi\local\mvn_repo\ch\qos\logback\logback-core\1.2.3\logback-core-1.2.3.jar;c:\esi\local\mvn_repo\org\apache\logging\log4j\log4j-to-slf4j\2.11.2\log4j-to-slf4j-2.11.2.jar;c:\esi\local\mvn_repo\org\apache\logging\log4j\log4j-api\2.11.2\log4j-api-2.11.2.jar;c:\esi\local\mvn_repo\org\slf4j\jul-to-slf4j\1.7.26\jul-to-slf4j-1.7.26.jar;c:\esi\local\mvn_repo\javax\annotation\javax.annotation-api\1.3.2\javax.annotation-api-1.3.2.jar;c:\esi\local\mvn_repo\org\yaml\snakeyaml\1.23\snakeyaml-1.23.jar;c:\esi\local\mvn_repo\org\mongodb\mongodb-driver\3.8.2\mongodb-driver-3.8.2.jar;c:\esi\local\mvn_repo\org\mongodb\bson\3.8.2\bson-3.8.2.jar;c:\esi\local\mvn_repo\org\mongodb\mongodb-driver-core\3.8.2\mongodb-driver-core-3.8.2.jar;c:\esi\local\mvn_repo\org\springframework\data\spring-data-mongodb\2.1.8.RELEASE\spring-data-mongodb-2.1.8.RELEASE.jar;c:\esi\local\mvn_repo\org\springframework\spring-expression\5.1.7.RELEASE\spring-expression-5.1.7.RELEASE.jar;c:\esi\local\mvn_repo\org\springframework\boot\spring-boot-starter-web\2.1.5.RELEASE\spring-boot-starter-web-2.1.5.RELEASE.jar;c:\esi\local\mvn_repo\org\springframework\boot\spring-boot-starter-json\2.1.5.RELEASE\spring-boot-starter-json-2.1.5.RELEASE.jar;c:\esi\local\mvn_repo\com\fasterxml\jackson\core\jackson-databind\2.9.8\jackson-databind-2.9.8.jar;c:\esi\local\mvn_repo\com\fasterxml\jackson\core\jackson-core\2.9.8\jackson-core-2.9.8.jar;c:\esi\local\mvn_repo\com\fasterxml\jackson\datatype\jackson-datatype-jdk8\2.9.8\jackson-datatype-jdk8-2.9.8.jar;c:\esi\local\mvn_repo\com\fasterxml\jackson\datatype\jackson-datatype-jsr310\2.9.8\jackson-datatype-jsr310-2.9.8.jar;c:\esi\local\mvn_repo\com\fasterxml\jackson\module\jackson-module-parameter-names\2.9.8\jackson-module-parameter-names-2.9.8.jar;c:\esi\local\mvn_repo\org\springframework\boot\spring-boot-starter-tomcat\2.1.5.RELEASE\spring-boot-starter-tomcat-2.1.5.RELEASE.jar;c:\esi\local\mvn_repo\org\apache\tomcat\embed\tomcat-embed-core\9.0.19\tomcat-embed-core-9.0.19.jar;c:\esi\local\mvn_repo\org\apache\tomcat\embed\tomcat-embed-el\9.0.19\tomcat-embed-el-9.0.19.jar;c:\esi\local\mvn_repo\org\apache\tomcat\embed\tomcat-embed-websocket\9.0.19\tomcat-embed-websocket-9.0.19.jar;c:\esi\local\mvn_repo\org\hibernate\validator\hibernate-validator\6.0.16.Final\hibernate-validator-6.0.16.Final.jar;c:\esi\local\mvn_repo\javax\validation\validation-api\2.0.1.Final\validation-api-2.0.1.Final.jar;c:\esi\local\mvn_repo\org\springframework\spring-web\5.1.7.RELEASE\spring-web-5.1.7.RELEASE.jar;c:\esi\local\mvn_repo\org\springframework\spring-webmvc\5.1.7.RELEASE\spring-webmvc-5.1.7.RELEASE.jar;c:\esi\local\mvn_repo\org\springframework\boot\spring-boot-starter-actuator\2.1.5.RELEASE\spring-boot-starter-actuator-2.1.5.RELEASE.jar;c:\esi\local\mvn_repo\org\springframework\boot\spring-boot-actuator-autoconfigure\2.1.5.RELEASE\spring-boot-actuator-autoconfigure-2.1.5.RELEASE.jar;c:\esi\local\mvn_repo\org\springframework\boot\spring-boot-actuator\2.1.5.RELEASE\spring-boot-actuator-2.1.5.RELEASE.jar;c:\esi\local\mvn_repo\io\micrometer\micrometer-core\1.1.4\micrometer-core-1.1.4.jar;c:\esi\local\mvn_repo\org\hdrhistogram\HdrHistogram\2.1.9\HdrHistogram-2.1.9.jar;c:\esi\local\mvn_repo\org\latencyutils\LatencyUtils\2.0.3\LatencyUtils-2.0.3.jar;c:\esi\local\mvn_repo\io\springfox\springfox-swagger2\2.9.2\springfox-swagger2-2.9.2.jar;c:\esi\local\mvn_repo\io\swagger\swagger-annotations\1.5.20\swagger-annotations-1.5.20.jar;c:\esi\local\mvn_repo\io\swagger\swagger-models\1.5.20\swagger-models-1.5.20.jar;c:\esi\local\mvn_repo\com\fasterxml\jackson\core\jackson-annotations\2.9.0\jackson-annotations-2.9.0.jar;c:\esi\local\mvn_repo\io\springfox\springfox-spi\2.9.2\springfox-spi-2.9.2.jar;c:\esi\local\mvn_repo\io\springfox\springfox-core\2.9.2\springfox-core-2.9.2.jar;c:\esi\local\mvn_repo\io\springfox\springfox-schema\2.9.2\springfox-schema-2.9.2.jar;c:\esi\local\mvn_repo\io\springfox\springfox-swagger-common\2.9.2\springfox-swagger-common-2.9.2.jar;c:\esi\local\mvn_repo\io\springfox\springfox-spring-web\2.9.2\springfox-spring-web-2.9.2.jar;c:\esi\local\mvn_repo\com\google\guava\guava\20.0\guava-20.0.jar;c:\esi\local\mvn_repo\com\fasterxml\classmate\1.4.0\classmate-1.4.0.jar;c:\esi\local\mvn_repo\org\slf4j\slf4j-api\1.7.26\slf4j-api-1.7.26.jar;c:\esi\local\mvn_repo\org\springframework\plugin\spring-plugin-core\1.2.0.RELEASE\spring-plugin-core-1.2.0.RELEASE.jar;c:\esi\local\mvn_repo\org\springframework\plugin\spring-plugin-metadata\1.2.0.RELEASE\spring-plugin-metadata-1.2.0.RELEASE.jar;c:\esi\local\mvn_repo\org\mapstruct\mapstruct\1.2.0.Final\mapstruct-1.2.0.Final.jar;c:\esi\local\mvn_repo\io\springfox\springfox-swagger-ui\2.9.2\springfox-swagger-ui-2.9.2.jar;c:\esi\local\mvn_repo\com\h2database\h2\1.4.199\h2-1.4.199.jar;c:\esi\local\mvn_repo\org\springframework\boot\spring-boot-starter-test\2.1.5.RELEASE\spring-boot-starter-test-2.1.5.RELEASE.jar;c:\esi\local\mvn_repo\org\springframework\boot\spring-boot-test\2.1.5.RELEASE\spring-boot-test-2.1.5.RELEASE.jar;c:\esi\local\mvn_repo\org\springframework\boot\spring-boot-test-autoconfigure\2.1.5.RELEASE\spring-boot-test-autoconfigure-2.1.5.RELEASE.jar;c:\esi\local\mvn_repo\com\jayway\jsonpath\json-path\2.4.0\json-path-2.4.0.jar;c:\esi\local\mvn_repo\net\minidev\json-smart\2.3\json-smart-2.3.jar;c:\esi\local\mvn_repo\net\minidev\accessors-smart\1.2\accessors-smart-1.2.jar;c:\esi\local\mvn_repo\org\ow2\asm\asm\5.0.4\asm-5.0.4.jar;c:\esi\local\mvn_repo\junit\junit\4.12\junit-4.12.jar;c:\esi\local\mvn_repo\org\assertj\assertj-core\3.11.1\assertj-core-3.11.1.jar;c:\esi\local\mvn_repo\org\mockito\mockito-core\2.23.4\mockito-core-2.23.4.jar;c:\esi\local\mvn_repo\net\bytebuddy\byte-buddy-agent\1.9.12\byte-buddy-agent-1.9.12.jar;c:\esi\local\mvn_repo\org\objenesis\objenesis\2.6\objenesis-2.6.jar;c:\esi\local\mvn_repo\org\hamcrest\hamcrest-core\1.3\hamcrest-core-1.3.jar;c:\esi\local\mvn_repo\org\hamcrest\hamcrest-library\1.3\hamcrest-library-1.3.jar;c:\esi\local\mvn_repo\org\skyscreamer\jsonassert\1.5.0\jsonassert-1.5.0.jar;c:\esi\local\mvn_repo\com\vaadin\external\google\android-json\0.0.20131108.vaadin1\android-json-0.0.20131108.vaadin1.jar;c:\esi\local\mvn_repo\org\springframework\spring-core\5.1.7.RELEASE\spring-core-5.1.7.RELEASE.jar;c:\esi\local\mvn_repo\org\springframework\spring-jcl\5.1.7.RELEASE\spring-jcl-5.1.7.RELEASE.jar;c:\esi\local\mvn_repo\org\springframework\spring-test\5.1.7.RELEASE\spring-test-5.1.7.RELEASE.jar;c:\esi\local\mvn_repo\org\xmlunit\xmlunit-core\2.6.2\xmlunit-core-2.6.2.jar;c:\esi\local\mvn_repo\com\google\code\gson\gson\2.8.2\gson-2.8.2.jar;"/>
    <property name="sun.cpu.endian" value="little"/>
    <property name="user.home" value="C:\Users\ek1248"/>
    <property name="user.language" value="en"/>
    <property name="java.specification.vendor" value="Oracle Corporation"/>
    <property name="java.home" value="C:\Program Files (x86)\Java\jdk1.8.0_131\jre"/>
    <property name="basedir" value="C:\Users\ek1248\GitRepo\benefit-group-onboarding"/>
    <property name="file.separator" value="\"/>
    <property name="line.separator" value="&#10;"/>
    <property name="java.vm.specification.vendor" value="Oracle Corporation"/>
    <property name="java.specification.name" value="Java Platform API Specification"/>
    <property name="java.awt.graphicsenv" value="sun.awt.Win32GraphicsEnvironment"/>
    <property name="surefire.real.class.path" value="C:\Users\ek1248\AppData\Local\Temp\1\surefire2010622083870747035\surefirebooter8794038088203099658.jar"/>
    <property name="sun.boot.class.path" value="C:\Program Files (x86)\Java\jdk1.8.0_131\jre\lib\resources.jar;C:\Program Files (x86)\Java\jdk1.8.0_131\jre\lib\rt.jar;C:\Program Files (x86)\Java\jdk1.8.0_131\jre\lib\sunrsasign.jar;C:\Program Files (x86)\Java\jdk1.8.0_131\jre\lib\jsse.jar;C:\Program Files (x86)\Java\jdk1.8.0_131\jre\lib\jce.jar;C:\Program Files (x86)\Java\jdk1.8.0_131\jre\lib\charsets.jar;C:\Program Files (x86)\Java\jdk1.8.0_131\jre\lib\jfr.jar;C:\Program Files (x86)\Java\jdk1.8.0_131\jre\classes"/>
    <property name="user.script" value=""/>
    <property name="sun.management.compiler" value="HotSpot Client Compiler"/>
    <property name="java.runtime.version" value="1.8.0_131-b11"/>
    <property name="user.name" value="EK1248"/>
    <property name="path.separator" value=";"/>
    <property name="os.version" value="10.0"/>
    <property name="java.endorsed.dirs" value="C:\Program Files (x86)\Java\jdk1.8.0_131\jre\lib\endorsed"/>
    <property name="java.runtime.name" value="Java(TM) SE Runtime Environment"/>
    <property name="file.encoding" value="Cp1252"/>
    <property name="java.vm.name" value="Java HotSpot(TM) Client VM"/>
    <property name="localRepository" value="c:\esi\local\mvn_repo"/>
    <property name="java.vendor.url.bug" value="http://bugreport.sun.com/bugreport/"/>
    <property name="java.io.tmpdir" value="C:\Users\ek1248\AppData\Local\Temp\1\"/>
    <property name="java.version" value="1.8.0_131"/>
    <property name="user.dir" value="C:\Users\ek1248\GitRepo\benefit-group-onboarding"/>
    <property name="os.arch" value="x86"/>
    <property name="java.vm.specification.name" value="Java Virtual Machine Specification"/>
    <property name="java.awt.printerjob" value="sun.awt.windows.WPrinterJob"/>
    <property name="sun.os.patch.level" value=""/>
    <property name="java.library.path" value="C:\Program Files (x86)\Java\jdk1.8.0_131\jre\bin;C:\WINDOWS\Sun\Java\bin;C:\WINDOWS\system32;C:\WINDOWS;C:\ProgramData\Oracle\Java\javapath;C:\Program Files (x86)\Intel\iCLS Client\;C:\Program Files\Intel\iCLS Client\;C:\WINDOWS\system32;C:\WINDOWS;C:\WINDOWS\System32\Wbem;C:\WINDOWS\System32\WindowsPowerShell\v1.0\;C:\WINDOWS\system32\config\systemprofile\AppData\Local\Microsoft\WindowsApps;C:\Program Files (x86)\Adaptiva\AdaptivaClient\bin\x32;C:\Program Files (x86)\Adaptiva\AdaptivaClient\bin\x64;C:\Users\ek1248\AppData\Local\Microsoft\WindowsApps;C:\Program Files\Java\jdk1.8.0_131\bin;C:\esi\apps\apache-maven-3.0.3\bin;;C:\Users\ek1248\AppData\Roaming\Cloud Foundry;."/>
    <property name="java.vm.info" value="mixed mode"/>
    <property name="java.vendor" value="Sun Microsystems Inc"/>
    <property name="java.vm.version" value="25.131-b11"/>
    <property name="java.ext.dirs" value="C:\Program Files (x86)\Java\jdk1.8.0_131\jre\lib\ext;C:\WINDOWS\Sun\Java\lib\ext"/>
    <property name="sun.io.unicode.encoding" value="UnicodeLittle"/>
    <property name="java.class.version" value="52.0"/>
  </properties>
  <testcase name="contextLoads" classname="com.esrx.services.benefit.group.onboarding.BenefitGroupOnboardingApplicationTests" time="0.088"/>
</testsuite>